
ROM used:   526/8192 (6%)
            526/8192 (6%) including unused fragments

            0.4 Average locations per line
            4.3 Average locations per statement

RAM used:   6/368 (2%) at main() level
            20/368 (5%) worst case

Stack used: 4 worst case (4 in main + 0 for interrupts)
Stack size: 8

Lines Stmts  %   Files
----- ----- ---  -----
   89    37  31  Pic16f877 ve LDR ile Röle Kontrol.c
  642     0   0  ..\..\..\..\..\Program Files (x86)\PICC\Devices\16f877.h
  456    84  69  ..\..\..\..\..\Program Files (x86)\PICC\Drivers\lcd.c
----- -----
 1187   121 Total

Page ROM  %  RAM    Vol Diff  Functions:
---- --- --- ---    --- ----  ----------
0     21   4    1             @delay_ms1
 Inline         3    596  5.9  lcd_read_byte
0      6   1    0     59  4.2  lcd_read_nibble
0     12   2    1    179  3.3  lcd_send_nibble
0     64  12    3    460  4.7  lcd_send_byte
0     62  12    6    814  7.2  lcd_init
0     18   3    4    208  6.3  lcd_gotoxy
0     44   8    1    354  4.7  lcd_putc
0    122  23    0   1052  5.3  MAIN
0      8   2    0             @const631
0     89  17    5             @PSTRINGCN7_615
0     21   4    3             @DIV88
0     55  10    2             @PRINTF_U_615
 Inline         0             @cinit1

Program metrics:
    Functions               8
    Statements              121
    Comments                213
    Volume (V)              5533
    Difficulty (D)          39.5
    Effort to implement (E) 218348
    Time to implement (T)   3 hours, 22 minutes
    Est Delivered Bugs (B)  1
    Cyclomatic Complexity   17
    Maintainability (MI)    142

 Segment     Used  Free
-----------  ----  ----
00000-00003     4  0  
00004-007FF   522  1522  
00800-00FFF     0  2048  
01000-017FF     0  2048  
01800-01FFF     0  2048  



